<?xml version="1.0" encoding="UTF-8"?>
<testng-results ignored="0" total="3" passed="3" failed="0" skipped="0">
  <reporter-output>
  </reporter-output>
  <suite started-at="2021-05-07T23:20:29 IST" name="Suite" finished-at="2021-05-07T23:20:45 IST" duration-ms="16095">
    <groups>
    </groups>
    <test started-at="2021-05-07T23:20:29 IST" name="Test" finished-at="2021-05-07T23:20:45 IST" duration-ms="16095">
      <class name="pages.AppTest">
        <test-method signature="testLogin1()[pri:0, instance:pages.AppTest@2177849e]" started-at="2021-05-07T23:20:45 IST" name="testLogin1" finished-at="2021-05-07T23:20:45 IST" duration-ms="15" status="PASS">
          <reporter-output>
          </reporter-output>
        </test-method> <!-- testLogin1 -->
        <test-method signature="testLogin2()[pri:0, instance:pages.AppTest@2177849e]" started-at="2021-05-07T23:20:45 IST" name="testLogin2" finished-at="2021-05-07T23:20:45 IST" duration-ms="5" status="PASS">
          <reporter-output>
          </reporter-output>
        </test-method> <!-- testLogin2 -->
      </class> <!-- pages.AppTest -->
      <class name="pages.TC_Selenium_login">
        <test-method signature="login_Test()[pri:0, instance:pages.TC_Selenium_login@3541cb24]" started-at="2021-05-07T23:20:29 IST" name="login_Test" finished-at="2021-05-07T23:20:45 IST" duration-ms="16004" status="PASS">
          <reporter-output>
          </reporter-output>
        </test-method> <!-- login_Test -->
      </class> <!-- pages.TC_Selenium_login -->
    </test> <!-- Test -->
  </suite> <!-- Suite -->
</testng-results>
