<?xml version="1.0" encoding="UTF-8"?>
<testng-results ignored="0" total="2" passed="2" failed="0" skipped="0">
  <reporter-output>
  </reporter-output>
  <suite started-at="2021-05-06T21:38:00 IST" name="Default suite" finished-at="2021-05-06T21:38:00 IST" duration-ms="139">
    <groups>
    </groups>
    <test started-at="2021-05-06T21:38:00 IST" name="Default test" finished-at="2021-05-06T21:38:00 IST" duration-ms="139">
      <class name="pages.AppTest">
        <test-method signature="testLogin1()[pri:0, instance:pages.AppTest@568ff82]" started-at="2021-05-06T21:38:00 IST" name="testLogin1" finished-at="2021-05-06T21:38:00 IST" duration-ms="37" status="PASS">
          <reporter-output>
          </reporter-output>
        </test-method> <!-- testLogin1 -->
        <test-method signature="testLogin2()[pri:0, instance:pages.AppTest@568ff82]" started-at="2021-05-06T21:38:00 IST" name="testLogin2" finished-at="2021-05-06T21:38:00 IST" duration-ms="3" status="PASS">
          <reporter-output>
          </reporter-output>
        </test-method> <!-- testLogin2 -->
      </class> <!-- pages.AppTest -->
    </test> <!-- Default test -->
  </suite> <!-- Default suite -->
</testng-results>
