<?xml version="1.0" encoding="UTF-8"?>
<testng-results ignored="0" total="2" passed="2" failed="0" skipped="0">
  <reporter-output>
  </reporter-output>
  <suite started-at="2021-05-06T22:07:22 IST" name="pages.AppTest" finished-at="2021-05-06T22:07:22 IST" duration-ms="76">
    <groups>
    </groups>
    <test started-at="2021-05-06T22:07:22 IST" name="Command line test" finished-at="2021-05-06T22:07:22 IST" duration-ms="76">
      <class name="pages.AppTest">
        <test-method signature="testLogin1()[pri:0, instance:pages.AppTest@c267ef4]" started-at="2021-05-06T22:07:22 IST" name="testLogin1" finished-at="2021-05-06T22:07:22 IST" duration-ms="16" status="PASS">
          <reporter-output>
          </reporter-output>
        </test-method> <!-- testLogin1 -->
        <test-method signature="testLogin2()[pri:0, instance:pages.AppTest@c267ef4]" started-at="2021-05-06T22:07:22 IST" name="testLogin2" finished-at="2021-05-06T22:07:22 IST" duration-ms="1" status="PASS">
          <reporter-output>
          </reporter-output>
        </test-method> <!-- testLogin2 -->
      </class> <!-- pages.AppTest -->
    </test> <!-- Command line test -->
  </suite> <!-- pages.AppTest -->
</testng-results>
